<?xml version="1.0" encoding="UTF-8"?>
<!-- Generated by org.testng.reporters.JUnitReportReporter -->
<testsuite skipped="0" hostname="NII-LT-246" name="com.testcases.LoginTestcase" tests="1" failures="0" timestamp="2020-10-18T19:29:10 IST" time="1.788" errors="0">
  <testcase name="login" time="1.788" classname="com.testcases.LoginTestcase"/>
  <system-out/>
</testsuite> <!-- com.testcases.LoginTestcase -->
